\BOOKMARK [1][-]{section.1}{Introduction}{}% 1
\BOOKMARK [2][-]{subsection.1.1}{Clearance rates}{section.1}% 2
\BOOKMARK [2][-]{subsection.1.2}{Public opinion}{section.1}% 3
\BOOKMARK [2][-]{subsection.1.3}{Research goals}{section.1}% 4
\BOOKMARK [1][-]{section.2}{Past Work}{}% 5
\BOOKMARK [2][-]{subsection.2.1}{Using twitter data to measure public sentiment towards the police}{section.2}% 6
\BOOKMARK [2][-]{subsection.2.2}{Using twitter data to connect public opinion with tweet sentiment}{section.2}% 7
\BOOKMARK [1][-]{section.3}{Methods}{}% 8
\BOOKMARK [2][-]{subsection.3.1}{Extracting tweets using the Twitter API}{section.3}% 9
\BOOKMARK [2][-]{subsection.3.2}{Preprocessing and labeling tweets}{section.3}% 10
\BOOKMARK [3][-]{subsubsection.3.2.1}{Hand labeling}{subsection.3.2}% 11
\BOOKMARK [3][-]{subsubsection.3.2.2}{CoreNLP}{subsection.3.2}% 12
\BOOKMARK [3][-]{subsubsection.3.2.3}{MTurk HIT task}{subsection.3.2}% 13
\BOOKMARK [2][-]{subsection.3.3}{Final dataset}{section.3}% 14
\BOOKMARK [1][-]{section.4}{Modeling}{}% 15
\BOOKMARK [2][-]{subsection.4.1}{General observations about the data}{section.4}% 16
\BOOKMARK [3][-]{subsubsection.4.1.1}{Word counts}{subsection.4.1}% 17
\BOOKMARK [3][-]{subsubsection.4.1.2}{Similarity and clustering}{subsection.4.1}% 18
\BOOKMARK [2][-]{subsection.4.2}{Results}{section.4}% 19
\BOOKMARK [3][-]{subsubsection.4.2.1}{Traditional models}{subsection.4.2}% 20
\BOOKMARK [3][-]{subsubsection.4.2.2}{Neural Net models}{subsection.4.2}% 21
\BOOKMARK [2][-]{subsection.4.3}{Discussion and future work}{section.4}% 22
\BOOKMARK [1][-]{section.5}{What did I learn for this project?}{}% 23
\BOOKMARK [1][-]{section.6}{Selected sources}{}% 24
\BOOKMARK [2][-]{subsection.6.1}{Papers}{section.6}% 25
\BOOKMARK [2][-]{subsection.6.2}{News and articles \(quick links\)}{section.6}% 26
